# JRE version: OpenJDK Runtime Environment (11.0.10) (build 11.0.10+0-b96-7249189)
# Java VM: OpenJDK 64-Bit Server VM (11.0.10+0-b96-7249189, mixed mode, tiered, compressed oops, g1 gc, windows-amd64)
Heap:
 garbage-first heap   total 236544K, used 146919K [0x0000000080000000, 0x0000000100000000)
  region size 1024K, 104 young (106496K), 11 survivors (11264K)
 Metaspace       used 77661K, capacity 79558K, committed 79692K, reserved 1118208K
  class space    used 10177K, capacity 10878K, committed 10880K, reserved 1048576K
GC Heap History (20 events):
Event: 2.148 GC heap before
{Heap before GC invocations=1 (full 0):
 garbage-first heap   total 196608K, used 18645K [0x0000000080000000, 0x0000000100000000)
  region size 1024K, 13 young (13312K), 2 survivors (2048K)
 Metaspace       used 10194K, capacity 10367K, committed 10624K, reserved 1058816K
  class space    used 1064K, capacity 1141K, committed 1152K, reserved 1048576K
}
Event: 2.153 GC heap after
{Heap after GC invocations=2 (full 0):
 garbage-first heap   total 196608K, used 9191K [0x0000000080000000, 0x0000000100000000)
  region size 1024K, 2 young (2048K), 2 survivors (2048K)
 Metaspace       used 10194K, capacity 10367K, committed 10624K, reserved 1058816K
  class space    used 1064K, capacity 1141K, committed 1152K, reserved 1048576K
}
Event: 2.786 GC heap before
{Heap before GC invocations=2 (full 0):
 garbage-first heap   total 196608K, used 34791K [0x0000000080000000, 0x0000000100000000)
  region size 1024K, 27 young (27648K), 2 survivors (2048K)
 Metaspace       used 11122K, capacity 11384K, committed 11520K, reserved 1058816K
  class space    used 1165K, capacity 1245K, committed 1280K, reserved 1048576K
}
Event: 2.788 GC heap after
{Heap after GC invocations=3 (full 0):
 garbage-first heap   total 196608K, used 9976K [0x0000000080000000, 0x0000000100000000)
  region size 1024K, 3 young (3072K), 3 survivors (3072K)
 Metaspace       used 11122K, capacity 11384K, committed 11520K, reserved 1058816K
  class space    used 1165K, capacity 1245K, committed 1280K, reserved 1048576K
}
Event: 4.462 GC heap before
{Heap before GC invocations=3 (full 0):
 garbage-first heap   total 196608K, used 49912K [0x0000000080000000, 0x0000000100000000)
  region size 1024K, 41 young (41984K), 3 survivors (3072K)
 Metaspace       used 16749K, capacity 17206K, committed 17536K, reserved 1064960K
  class space    used 1925K, capacity 2087K, committed 2176K, reserved 1048576K
}
Event: 4.469 GC heap after
{Heap after GC invocations=4 (full 0):
 garbage-first heap   total 196608K, used 15454K [0x0000000080000000, 0x0000000100000000)
  region size 1024K, 6 young (6144K), 6 survivors (6144K)
 Metaspace       used 16749K, capacity 17206K, committed 17536K, reserved 1064960K
  class space    used 1925K, capacity 2087K, committed 2176K, reserved 1048576K
}
Event: 5.105 GC heap before
{Heap before GC invocations=4 (full 0):
 garbage-first heap   total 196608K, used 48222K [0x0000000080000000, 0x0000000100000000)
  region size 1024K, 39 young (39936K), 6 survivors (6144K)
 Metaspace       used 20638K, capacity 21128K, committed 21248K, reserved 1067008K
  class space    used 2521K, capacity 2722K, committed 2816K, reserved 1048576K
}
Event: 5.116 GC heap after
{Heap after GC invocations=5 (full 0):
 garbage-first heap   total 196608K, used 16978K [0x0000000080000000, 0x0000000100000000)
  region size 1024K, 2 young (2048K), 2 survivors (2048K)
 Metaspace       used 20638K, capacity 21128K, committed 21248K, reserved 1067008K
  class space    used 2521K, capacity 2722K, committed 2816K, reserved 1048576K
}
Event: 6.271 GC heap before
{Heap before GC invocations=6 (full 0):
 garbage-first heap   total 196608K, used 73298K [0x0000000080000000, 0x0000000100000000)
  region size 1024K, 57 young (58368K), 2 survivors (2048K)
 Metaspace       used 26143K, capacity 26759K, committed 27008K, reserved 1073152K
  class space    used 3425K, capacity 3668K, committed 3712K, reserved 1048576K
}
Event: 6.277 GC heap after
{Heap after GC invocations=7 (full 0):
 garbage-first heap   total 196608K, used 18705K [0x0000000080000000, 0x0000000100000000)
  region size 1024K, 3 young (3072K), 3 survivors (3072K)
 Metaspace       used 26143K, capacity 26759K, committed 27008K, reserved 1073152K
  class space    used 3425K, capacity 3668K, committed 3712K, reserved 1048576K
}
Event: 8.517 GC heap before
{Heap before GC invocations=7 (full 0):
 garbage-first heap   total 196608K, used 72977K [0x0000000080000000, 0x0000000100000000)
  region size 1024K, 58 young (59392K), 3 survivors (3072K)
 Metaspace       used 35042K, capacity 35802K, committed 35840K, reserved 1081344K
  class space    used 4532K, capacity 4832K, committed 4864K, reserved 1048576K
}
Event: 8.538 GC heap after
{Heap after GC invocations=8 (full 0):
 garbage-first heap   total 196608K, used 22108K [0x0000000080000000, 0x0000000100000000)
  region size 1024K, 7 young (7168K), 7 survivors (7168K)
 Metaspace       used 35042K, capacity 35802K, committed 35840K, reserved 1081344K
  class space    used 4532K, capacity 4832K, committed 4864K, reserved 1048576K
}
Event: 13.597 GC heap before
{Heap before GC invocations=9 (full 0):
 garbage-first heap   total 196608K, used 119388K [0x0000000080000000, 0x0000000100000000)
  region size 1024K, 98 young (100352K), 7 survivors (7168K)
 Metaspace       used 42690K, capacity 43681K, committed 44032K, reserved 1087488K
  class space    used 5419K, capacity 5784K, committed 5888K, reserved 1048576K
}
Event: 13.628 GC heap after
{Heap after GC invocations=10 (full 0):
 garbage-first heap   total 196608K, used 28474K [0x0000000080000000, 0x0000000100000000)
  region size 1024K, 13 young (13312K), 13 survivors (13312K)
 Metaspace       used 42690K, capacity 43681K, committed 44032K, reserved 1087488K
  class space    used 5419K, capacity 5784K, committed 5888K, reserved 1048576K
}
Event: 22.383 GC heap before
{Heap before GC invocations=10 (full 0):
 garbage-first heap   total 196608K, used 137018K [0x0000000080000000, 0x0000000100000000)
  region size 1024K, 115 young (117760K), 13 survivors (13312K)
 Metaspace       used 49911K, capacity 51175K, committed 51456K, reserved 1093632K
  class space    used 6344K, capacity 6792K, committed 6912K, reserved 1048576K
}
Event: 22.450 GC heap after
{Heap after GC invocations=11 (full 0):
 garbage-first heap   total 196608K, used 41730K [0x0000000080000000, 0x0000000100000000)
  region size 1024K, 15 young (15360K), 15 survivors (15360K)
 Metaspace       used 49911K, capacity 51175K, committed 51456K, reserved 1093632K
  class space    used 6344K, capacity 6792K, committed 6912K, reserved 1048576K
}
Event: 26.413 GC heap before
{Heap before GC invocations=11 (full 0):
 garbage-first heap   total 196608K, used 98050K [0x0000000080000000, 0x0000000100000000)
  region size 1024K, 71 young (72704K), 15 survivors (15360K)
 Metaspace       used 58552K, capacity 60050K, committed 60160K, reserved 1101824K
  class space    used 7401K, capacity 7933K, committed 7936K, reserved 1048576K
}
Event: 26.474 GC heap after
{Heap after GC invocations=12 (full 0):
 garbage-first heap   total 236544K, used 45039K [0x0000000080000000, 0x0000000100000000)
  region size 1024K, 4 young (4096K), 4 survivors (4096K)
 Metaspace       used 58552K, capacity 60050K, committed 60160K, reserved 1101824K
  class space    used 7401K, capacity 7933K, committed 7936K, reserved 1048576K
}
Event: 35.456 GC heap before
{Heap before GC invocations=13 (full 0):
 garbage-first heap   total 236544K, used 155631K [0x0000000080000000, 0x0000000100000000)
  region size 1024K, 112 young (114688K), 4 survivors (4096K)
 Metaspace       used 68203K, capacity 69815K, committed 70092K, reserved 1110016K
  class space    used 8803K, capacity 9398K, committed 9472K, reserved 1048576K
}
Event: 35.508 GC heap after
{Heap after GC invocations=14 (full 0):
 garbage-first heap   total 236544K, used 52711K [0x0000000080000000, 0x0000000100000000)
  region size 1024K, 11 young (11264K), 11 survivors (11264K)
 Metaspace       used 68203K, capacity 69815K, committed 70092K, reserved 1110016K
  class space    used 8803K, capacity 9398K, committed 9472K, reserved 1048576K
}

